<?xml version="1.0" encoding="UTF-8"?>
<testsuite xmlns:xsi="http://www.w3.org/2001/XMLSchema-instance" xsi:noNamespaceSchemaLocation="https://maven.apache.org/surefire/maven-surefire-plugin/xsd/surefire-test-report-3.0.xsd" version="3.0" name="com.torneos.persistencia.InscripcionDAOTest" time="1.098" tests="6" errors="0" skipped="0" failures="0">
  <properties>
[...]
</properties>
  <testcase name="testInsertar" classname="com.torneos.persistencia.InscripcionDAOTest" time="0.045">
    <system-out><![CDATA[[Conexion] Conexión establecida con torneos_db.
[Conexion] Conexión establecida con torneos_db.
[InscripcionDAOTest] Setup: torneoTemp=6, equipoTemp=8
[Conexion] Conexión establecida con torneos_db.
[InscripcionDAOTest] Inscripción insertada con id: 5
]]></system-out>
  </testcase>
  <testcase name="testObtenerTodos" classname="com.torneos.persistencia.InscripcionDAOTest" time="0.27">
    <system-out><![CDATA[[Conexion] Conexión establecida con torneos_db.
[InscripcionDAOTest] Total inscripciones encontradas: 3
]]></system-out>
  </testcase>
  <testcase name="testBuscarPorId" classname="com.torneos.persistencia.InscripcionDAOTest" time="0.055">
    <system-out><![CDATA[[Conexion] Conexión establecida con torneos_db.
[InscripcionDAOTest] Inscripción encontrada: Inscripcion{id=5, torneo=Torneo{id=6, nombre='Torneo Temp InscripcionTest', fechaInicio='2026-09-01', fechaFin='2026-09-30', estado='ACTIVO'}, equipo=Equipo{id=8, nombre='Equipo Temp InscripcionTest'}}
]]></system-out>
  </testcase>
  <testcase name="testActualizar" classname="com.torneos.persistencia.InscripcionDAOTest" time="0.092">
    <system-out><![CDATA[[Conexion] Conexión establecida con torneos_db.
[Conexion] Conexión establecida con torneos_db.
[InscripcionDAOTest] Inscripción actualizada: Inscripcion{id=5, torneo=Torneo{id=1, nombre='Torneo Inaugural 2026', fechaInicio='2026-06-15', fechaFin='2026-07-15', estado='ACTIVO'}, equipo=Equipo{id=8, nombre='Equipo Temp InscripcionTest'}}
]]></system-out>
  </testcase>
  <testcase name="testEliminar" classname="com.torneos.persistencia.InscripcionDAOTest" time="0.187">
    <system-out><![CDATA[[Conexion] Conexión establecida con torneos_db.
[Conexion] Conexión establecida con torneos_db.
[InscripcionDAOTest] Inscripción con id 5 eliminada correctamente.
]]></system-out>
  </testcase>
  <testcase name="testBuscarPorTorneo" classname="com.torneos.persistencia.InscripcionDAOTest" time="0.039">
    <system-out><![CDATA[[Conexion] Conexión establecida con torneos_db.
[InscripcionDAOTest] Inscripciones en torneo 1: 2
]]></system-out>
  </testcase>
</testsuite>