<?xml version="1.0" encoding="UTF-8"?>
<testsuite xmlns:xsi="http://www.w3.org/2001/XMLSchema-instance" xsi:noNamespaceSchemaLocation="https://maven.apache.org/surefire/maven-surefire-plugin/xsd/surefire-test-report-3.0.xsd" version="3.0" name="com.torneos.persistencia.PartidaDAOTest" time="0.501" tests="5" errors="0" skipped="0" failures="0">
  <properties>
[...]
</properties>
  <testcase name="testInsertar" classname="com.torneos.persistencia.PartidaDAOTest" time="0.145">
    <system-out><![CDATA[[Conexion] Conexión establecida con torneos_db.
[PartidaDAOTest] Partida insertada con id: 12
]]></system-out>
  </testcase>
  <testcase name="testObtenerTodos" classname="com.torneos.persistencia.PartidaDAOTest" time="0.071">
    <system-out><![CDATA[[Conexion] Conexión establecida con torneos_db.
[PartidaDAOTest] Total partidas encontradas: 1
]]></system-out>
  </testcase>
  <testcase name="testBuscarPorId" classname="com.torneos.persistencia.PartidaDAOTest" time="0.046">
    <system-out><![CDATA[[Conexion] Conexión establecida con torneos_db.
[PartidaDAOTest] Partida encontrada: Partida{id=12, torneo=Torneo{id=1, nombre='Torneo Inaugural 2026', fechaInicio='2026-06-15', fechaFin='2026-07-15', estado='ACTIVO'}, equipo1=Equipo{id=1, nombre='Team Alpha'}, equipo2=Equipo{id=2, nombre='Team Omega'}, resultado='null', fecha='2026-07-15 00:00:00.0'}
]]></system-out>
  </testcase>
  <testcase name="testActualizar" classname="com.torneos.persistencia.PartidaDAOTest" time="0.065">
    <system-out><![CDATA[[Conexion] Conexión establecida con torneos_db.
[Conexion] Conexión establecida con torneos_db.
[PartidaDAOTest] Partida actualizada: Partida{id=12, torneo=Torneo{id=1, nombre='Torneo Inaugural 2026', fechaInicio='2026-06-15', fechaFin='2026-07-15', estado='ACTIVO'}, equipo1=Equipo{id=1, nombre='Team Alpha'}, equipo2=Equipo{id=2, nombre='Team Omega'}, resultado='Team Alpha 3 - 1 Team Omega', fecha='2026-07-15 00:00:00.0'}
]]></system-out>
  </testcase>
  <testcase name="testEliminar" classname="com.torneos.persistencia.PartidaDAOTest" time="0.167">
    <system-out><![CDATA[[Conexion] Conexión establecida con torneos_db.
[Conexion] Conexión establecida con torneos_db.
[PartidaDAOTest] Partida con id 12 eliminada correctamente.
]]></system-out>
  </testcase>
</testsuite>