<?xml version="1.0" encoding="UTF-8"?>
<testsuite xmlns:xsi="http://www.w3.org/2001/XMLSchema-instance" xsi:noNamespaceSchemaLocation="https://maven.apache.org/surefire/maven-surefire-plugin/xsd/surefire-test-report-3.0.xsd" version="3.0" name="com.torneos.persistencia.JugadorDAOTest" time="0.281" tests="5" errors="0" skipped="0" failures="0">
  <properties>
[...]
</properties>
  <testcase name="testInsertar" classname="com.torneos.persistencia.JugadorDAOTest" time="0.083">
    <system-out><![CDATA[[Conexion] Conexión establecida con torneos_db.
[JugadorDAOTest] Jugador insertado con id: 18
]]></system-out>
  </testcase>
  <testcase name="testObtenerTodos" classname="com.torneos.persistencia.JugadorDAOTest" time="0.03">
    <system-out><![CDATA[[Conexion] Conexión establecida con torneos_db.
[JugadorDAOTest] Total jugadores encontrados: 2
]]></system-out>
  </testcase>
  <testcase name="testBuscarPorId" classname="com.torneos.persistencia.JugadorDAOTest" time="0.028">
    <system-out><![CDATA[[Conexion] Conexión establecida con torneos_db.
[JugadorDAOTest] Jugador encontrado: Jugador{id=18, nombre='Carlos Gómez', alias='CarlosG', equipo=Equipo{id=1, nombre='Team Alpha'}, user=User{id=1, nombre='Administrador', email='admin@torneos.com', rol=Rol{id=1, nombre='ADMIN'}}}
]]></system-out>
  </testcase>
  <testcase name="testActualizar" classname="com.torneos.persistencia.JugadorDAOTest" time="0.043">
    <system-out><![CDATA[[Conexion] Conexión establecida con torneos_db.
[Conexion] Conexión establecida con torneos_db.
[JugadorDAOTest] Jugador actualizado: Jugador{id=18, nombre='Carlos Gómez', alias='CarlosGUpdated', equipo=Equipo{id=1, nombre='Team Alpha'}, user=User{id=1, nombre='Administrador', email='admin@torneos.com', rol=Rol{id=1, nombre='ADMIN'}}}
]]></system-out>
  </testcase>
  <testcase name="testEliminar" classname="com.torneos.persistencia.JugadorDAOTest" time="0.09">
    <system-out><![CDATA[[Conexion] Conexión establecida con torneos_db.
[Conexion] Conexión establecida con torneos_db.
[JugadorDAOTest] Jugador con id 18 eliminado correctamente.
]]></system-out>
  </testcase>
</testsuite>